Proyecto/Proyecto_Final/Curso/app/build/intermediates/manifest_merge_blame_file/debug/manifest-merger-blame-debug-report.txt
1<?xml version="1.0" encoding="utf-8"?>
2<manifest xmlns:android="http://schemas.android.com/apk/res/android"
3    package="com.example.curso"
4    android:versionCode="1"
5    android:versionName="1.0" >
6
7    <uses-sdk
8        android:minSdkVersion="21"
8-->src\main\AndroidManifest.xml
9        android:targetSdkVersion="33" />
9-->src\main\AndroidManifest.xml
10
11    <application
11-->src\main\AndroidManifest.xml:5:5-42:19
12        android:allowBackup="true"
12-->src\main\AndroidManifest.xml:6:9-35
13        android:appComponentFactory="android.support.v4.app.CoreComponentFactory"
13-->[com.android.support:support-compat:28.0.0] AndroidManifest.xml:22:18-91
14        android:dataExtractionRules="@xml/data_extraction_rules"
14-->src\main\AndroidManifest.xml:7:9-65
15        android:debuggable="true"
16        android:fullBackupContent="@xml/backup_rules"
16-->src\main\AndroidManifest.xml:8:9-54
17        android:icon="@mipmap/ic_launcher"
17-->src\main\AndroidManifest.xml:9:9-43
18        android:label="@string/app_name"
18-->src\main\AndroidManifest.xml:10:9-41
19        android:supportsRtl="true"
19-->src\main\AndroidManifest.xml:11:9-35
20        android:testOnly="true"
21        android:theme="@style/Theme.Curso" >
21-->src\main\AndroidManifest.xml:12:9-43
22        <activity
22-->src\main\AndroidManifest.xml:14:9-16:49
23            android:name="com.example.curso.MainActivity"
23-->src\main\AndroidManifest.xml:15:13-41
24            android:exported="false" />
24-->src\main\AndroidManifest.xml:16:13-37
25        <activity
25-->src\main\AndroidManifest.xml:17:9-19:40
26            android:name="com.example.curso.Confirmacion"
26-->src\main\AndroidManifest.xml:18:13-41
27            android:exported="false" />
27-->src\main\AndroidManifest.xml:19:13-37
28        <activity
28-->src\main\AndroidManifest.xml:20:9-28:20
29            android:name="com.example.curso.ActionBarTest"
29-->src\main\AndroidManifest.xml:21:13-42
30            android:exported="true" >
30-->src\main\AndroidManifest.xml:22:13-36
31            <intent-filter>
31-->src\main\AndroidManifest.xml:23:13-27:29
32                <action android:name="android.intent.action.MAIN" />
32-->src\main\AndroidManifest.xml:24:17-69
32-->src\main\AndroidManifest.xml:24:25-66
33
34                <category android:name="android.intent.category.LAUNCHER" />
34-->src\main\AndroidManifest.xml:26:17-77
34-->src\main\AndroidManifest.xml:26:27-74
35            </intent-filter>
36        </activity>
37        <activity
37-->src\main\AndroidManifest.xml:29:9-31:39
38            android:name="com.example.curso.Comanda"
38-->src\main\AndroidManifest.xml:30:13-36
39            android:exported="true" />
39-->src\main\AndroidManifest.xml:31:13-36
40        <activity
40-->src\main\AndroidManifest.xml:32:9-34:40
41            android:name="com.example.curso.Register"
41-->src\main\AndroidManifest.xml:33:13-37
42            android:exported="false" />
42-->src\main\AndroidManifest.xml:34:13-37
43        <activity
43-->src\main\AndroidManifest.xml:35:9-37:40
44            android:name="com.example.curso.Login"
44-->src\main\AndroidManifest.xml:36:13-34
45            android:exported="false" />
45-->src\main\AndroidManifest.xml:37:13-37
46
47        <meta-data
47-->src\main\AndroidManifest.xml:39:9-41:57
48            android:name="preloaded_fonts"
48-->src\main\AndroidManifest.xml:40:13-43
49            android:resource="@array/preloaded_fonts" />
49-->src\main\AndroidManifest.xml:41:13-54
50    </application>
51
52</manifest>